{
  "RSpec": {
    "coverage": {
      "/home/comic-shell-9627/tic-tac-toe-rb-ruby-apply-000/lib/tic_tac_toe.rb": [
        null,
        null,
        1,
        null,
        null,
        null,
        null,
        null,
        null,
        null,
        null,
        null,
        null,
        1,
        25,
        25,
        25,
        25,
        25,
        null,
        null,
        1,
        24,
        null,
        null,
        1,
        23,
        null,
        null,
        1,
        26,
        null,
        null,
        1,
        24,
        null,
        null,
        1,
        21,
        21,
        21,
        20,
        20,
        20,
        null,
        1,
        1,
        null,
        null,
        null,
        1,
        22,
        220,
        22,
        null,
        null,
        1,
        21,
        14,
        null,
        7,
        null,
        null,
        null,
        1,
        45,
        289,
        289,
        289,
        null,
        289,
        289,
        289,
        null,
        289,
        14,
        275,
        5,
        null,
        null,
        26,
        null,
        null,
        1,
        235,
        9,
        null,
        null,
        1,
        30,
        7,
        null,
        23,
        null,
        null,
        1,
        29,
        16,
        null,
        13,
        null,
        null,
        1,
        11,
        10,
        10,
        6,
        4,
        2,
        2,
        null,
        null,
        null,
        null,
        null,
        1,
        12,
        18,
        null,
        12,
        3,
        null,
        9,
        null,
        null
      ]
    },
    "timestamp": 1594422407
  }
}
