{
  "RSpec": {
    "coverage": {
      "/home/comic-shell-9627/tic-tac-toe-rb-ruby-apply-000/lib/tic_tac_toe.rb": [
        null,
        null,
        1,
        null,
        null,
        null,
        null,
        null,
        null,
        null,
        null,
        null,
        null,
        1,
        21,
        21,
        21,
        21,
        21,
        null,
        null,
        1,
        20,
        null,
        null,
        1,
        20,
        null,
        null,
        1,
        22,
        null,
        null,
        1,
        20,
        null,
        null,
        1,
        17,
        17,
        17,
        17,
        16,
        16,
        null,
        1,
        1,
        null,
        null,
        null,
        1,
        2,
        20,
        2,
        null,
        null,
        1,
        1,
        1,
        null,
        0,
        null,
        null,
        null,
        1,
        41,
        229,
        229,
        229,
        null,
        229,
        229,
        229,
        null,
        229,
        15,
        214,
        5,
        null,
        null,
        21,
        null,
        null,
        1,
        179,
        9,
        null,
        null,
        1,
        26,
        7,
        null,
        19,
        null,
        null,
        1,
        25,
        16,
        null,
        9,
        null,
        null,
        1,
        11,
        10,
        10,
        7,
        5,
        2,
        2,
        null,
        null,
        null,
        null,
        null,
        1,
        12,
        14,
        null,
        12,
        3,
        null,
        9,
        null,
        null
      ]
    },
    "timestamp": 1594421683
  }
}
